[17:02:24] [main/INFO] (FabricLoader/GameProvider) Loading Minecraft 1.21.11 with Fabric Loader 0.18.4
[17:02:24] [main/INFO] (FabricLoader) Loading 51 mods:
	- fabric-api 0.141.1+1.21.11
	- fabric-api-base 1.0.5+4ebb5c083e
	- fabric-api-lookup-api-v1 1.6.113+1fb1cde93e
	- fabric-biome-api-v1 17.1.1+4fc5413f3e
	- fabric-block-api-v1 1.1.10+4ebb5c083e
	- fabric-block-view-api-v2 1.0.39+4ebb5c083e
	- fabric-client-gametest-api-v1 4.3.5+bfe9fcf43e
	- fabric-command-api-v2 2.4.7+6b42a6003e
	- fabric-content-registries-v0 10.2.14+4fc5413f3e
	- fabric-convention-tags-v1 2.1.55+7f945d5b3e
	- fabric-convention-tags-v2 2.17.3+8ef948ba3e
	- fabric-crash-report-info-v1 0.3.23+4ebb5c083e
	- fabric-data-attachment-api-v1 1.8.46+b6ef3aec3e
	- fabric-data-generation-api-v1 23.4.0+69974c4e3e
	- fabric-dimensions-v1 4.0.28+4fc5413f3e
	- fabric-entity-events-v1 3.1.1+1d0ab4303e
	- fabric-events-interaction-v0 4.1.0+3b89ecf63e
	- fabric-game-rule-api-v1 2.0.3+4fc5413f3e
	- fabric-gametest-api-v1 3.1.27+4fc5413f3e
	- fabric-item-api-v1 11.5.20+d0c46b9e3e
	- fabric-item-group-api-v1 4.2.36+4fc5413f3e
	- fabric-key-binding-api-v1 1.1.7+4fc5413f3e
	- fabric-lifecycle-events-v1 2.6.15+4ebb5c083e
	- fabric-loot-api-v2 3.0.73+3f89f5a53e
	- fabric-loot-api-v3 2.0.20+78c8b4663e
	- fabric-message-api-v1 6.1.12+4ebb5c083e
	- fabric-model-loading-api-v1 6.0.14+4fc5413f3e
	- fabric-networking-api-v1 5.1.5+ae1e07683e
	- fabric-object-builder-api-v1 21.1.39+4fc5413f3e
	- fabric-particles-v1 4.2.11+4fc5413f3e
	- fabric-recipe-api-v1 8.2.3+4ebb5c083e
	- fabric-registry-sync-v0 6.2.5+1718722b3e
	- fabric-renderer-api-v1 8.0.2+f4ffd2e53e
	- fabric-renderer-indigo 5.0.2+f4ffd2e53e
	- fabric-rendering-fluids-v1 3.1.43+4ebb5c083e
	- fabric-rendering-v1 16.2.9+7edacff13e
	- fabric-resource-conditions-api-v1 5.0.35+4fc5413f3e
	- fabric-resource-loader-v0 3.3.4+4fc5413f3e
	- fabric-resource-loader-v1 1.0.10+78c8b4663e
	- fabric-screen-api-v1 3.1.7+4ebb5c083e
	- fabric-screen-handler-api-v1 1.3.161+4fc5413f3e
	- fabric-serialization-api-v1 1.0.5+4ebb5c083e
	- fabric-sound-api-v1 1.0.51+4fc5413f3e
	- fabric-tag-api-v1 1.2.20+4fc5413f3e
	- fabric-transfer-api-v1 6.0.24+4fc5413f3e
	- fabric-transitive-access-wideners-v1 7.1.0+014c8cec3e
	- fabricloader 0.18.4
	- java 21
	- minecraft 1.21.11
	- mixinextras 0.5.0
	- siege-stopper-fabric 1.0.0
[17:02:24] [main/INFO] (FabricLoader/Mixin) SpongePowered MIXIN Subsystem Version=0.8.7 Source=file:/C:/Users/stefa/.gradle/caches/modules-2/files-2.1/net.fabricmc/sponge-mixin/0.17.0+mixin.0.8.7/cf31463202f72d03b0ef1e1e38e8ee71b7faaab6/sponge-mixin-0.17.0+mixin.0.8.7.jar Service=Knot/Fabric Env=CLIENT
[17:02:25] [main/INFO] (FabricLoader/Mixin) Loaded Fabric development mappings for mixin remapper!
[17:02:25] [main/INFO] (FabricLoader/Mixin) Compatibility level set to JAVA_21
[17:02:26] [main/INFO] (FabricLoader/MixinExtras|Service) Initializing MixinExtras via com.llamalad7.mixinextras.service.MixinExtrasServiceImpl(version=0.5.0).
[17:02:27] [Datafixer Bootstrap/INFO] (Minecraft) 287 Datafixer optimizations took 385 milliseconds
[17:02:32] [Render thread/INFO] (Minecraft) Environment: Environment[sessionHost=https://sessionserver.mojang.com, servicesHost=https://api.minecraftservices.com, profilesHost=https://api.mojang.com, name=PROD]
[17:02:32] [Render thread/INFO] (Minecraft) Setting user: Player586
[17:02:32] [Render thread/INFO] (siege-stopper-fabric) [SiegeStopper] Fabric mod loaded – village sieges are disabled.
[17:02:32] [Render thread/INFO] (Indigo) [Indigo] Registering Indigo renderer!
[17:02:32] [Download-2/ERROR] (Minecraft) Failed to fetch user properties
com.mojang.authlib.exceptions.InvalidCredentialsException: Status: 401
	at knot//com.mojang.authlib.exceptions.MinecraftClientHttpException.toAuthenticationException(MinecraftClientHttpException.java:59)
	at knot//com.mojang.authlib.yggdrasil.YggdrasilUserApiService.fetchProperties(YggdrasilUserApiService.java:150)
	at knot//net.minecraft.client.Minecraft.method_55608(Minecraft.java:457)
	at java.base/java.util.concurrent.CompletableFuture$AsyncSupply.run(CompletableFuture.java:1768)
	at java.base/java.util.concurrent.ThreadPoolExecutor.runWorker(ThreadPoolExecutor.java:1144)
	at java.base/java.util.concurrent.ThreadPoolExecutor$Worker.run(ThreadPoolExecutor.java:642)
	at java.base/java.lang.Thread.run(Thread.java:1583)
Caused by: com.mojang.authlib.exceptions.MinecraftClientHttpException: Status: 401
	at knot//com.mojang.authlib.minecraft.client.MinecraftClient.readInputStream(MinecraftClient.java:103)
	at knot//com.mojang.authlib.minecraft.client.MinecraftClient.get(MinecraftClient.java:56)
	at knot//com.mojang.authlib.yggdrasil.YggdrasilUserApiService.fetchProperties(YggdrasilUserApiService.java:121)
	... 5 more
[17:02:32] [Render thread/INFO] (Minecraft) Backend library: LWJGL version 3.3.3-snapshot
[17:02:33] [Render thread/INFO] (Minecraft) Using optional rendering extensions: GL_ARB_buffer_storage, GL_KHR_debug, GL_ARB_vertex_attrib_binding, GL_ARB_direct_state_access, GL_EXT_texture_filter_anisotropic
[17:02:34] [Render thread/INFO] (Minecraft) Reloading ResourceManager: vanilla, fabric-api, fabric-api-base, fabric-api-lookup-api-v1, fabric-biome-api-v1, fabric-block-api-v1, fabric-block-view-api-v2, fabric-client-gametest-api-v1, fabric-command-api-v2, fabric-content-registries-v0, fabric-convention-tags-v1, fabric-convention-tags-v2, fabric-crash-report-info-v1, fabric-data-attachment-api-v1, fabric-data-generation-api-v1, fabric-dimensions-v1, fabric-entity-events-v1, fabric-events-interaction-v0, fabric-game-rule-api-v1, fabric-gametest-api-v1, fabric-item-api-v1, fabric-item-group-api-v1, fabric-key-binding-api-v1, fabric-lifecycle-events-v1, fabric-loot-api-v2, fabric-loot-api-v3, fabric-message-api-v1, fabric-model-loading-api-v1, fabric-networking-api-v1, fabric-object-builder-api-v1, fabric-particles-v1, fabric-recipe-api-v1, fabric-registry-sync-v0, fabric-renderer-api-v1, fabric-renderer-indigo, fabric-rendering-fluids-v1, fabric-rendering-v1, fabric-resource-conditions-api-v1, fabric-resource-loader-v0, fabric-resource-loader-v1, fabric-screen-api-v1, fabric-screen-handler-api-v1, fabric-serialization-api-v1, fabric-sound-api-v1, fabric-tag-api-v1, fabric-transfer-api-v1, fabric-transitive-access-wideners-v1, fabricloader, siege-stopper-fabric
[17:02:34] [Worker-Main-6/INFO] (Minecraft) Found unifont_all_no_pua-17.0.01.hex, loading
[17:02:34] [Worker-Main-11/INFO] (Minecraft) Found unifont_pua-17.0.01.hex, loading
[17:02:34] [Worker-Main-5/INFO] (Minecraft) Found unifont_jp_patch-17.0.01.hex, loading
[17:02:34] [Download-1/INFO] (Minecraft) Could not authorize you against Realms server: java.lang.RuntimeException: Failed to parse into SignedJWT: FabricMC
[17:02:34] [Download-1/ERROR] (Minecraft) Failed to fetch Realms feature flags
com.mojang.realmsclient.exception.RealmsServiceException: Realms authentication error with message 'java.lang.RuntimeException: Failed to parse into SignedJWT: FabricMC'
	at knot//com.mojang.realmsclient.client.RealmsClient.execute(RealmsClient.java:526)
	at knot//com.mojang.realmsclient.client.RealmsClient.fetchFeatureFlags(RealmsClient.java:186)
	at java.base/java.util.concurrent.CompletableFuture$AsyncSupply.run(CompletableFuture.java:1768)
	at java.base/java.util.concurrent.ThreadPoolExecutor.runWorker(ThreadPoolExecutor.java:1144)
	at java.base/java.util.concurrent.ThreadPoolExecutor$Worker.run(ThreadPoolExecutor.java:642)
	at java.base/java.lang.Thread.run(Thread.java:1583)
[17:02:36] [Render thread/INFO] (Minecraft) OpenAL initialized on device OpenAL Soft on Lautsprecher (Realtek(R) Audio)
[17:02:36] [Render thread/INFO] (Minecraft) Sound engine started
[17:02:36] [Render thread/INFO] (Minecraft) Created: 512x256x0 minecraft:textures/atlas/particles.png-atlas
[17:02:36] [Render thread/INFO] (Minecraft) Created: 128x128x0 minecraft:textures/atlas/decorated_pot.png-atlas
[17:02:36] [Render thread/INFO] (Minecraft) Created: 2048x1024x0 minecraft:textures/atlas/armor_trims.png-atlas
[17:02:36] [Render thread/INFO] (Minecraft) Created: 512x256x0 minecraft:textures/atlas/paintings.png-atlas
[17:02:36] [Render thread/INFO] (Minecraft) Created: 1024x512x0 minecraft:textures/atlas/shield_patterns.png-atlas
[17:02:36] [Render thread/INFO] (Minecraft) Created: 2048x2048x4 minecraft:textures/atlas/blocks.png-atlas
[17:02:36] [Render thread/INFO] (Minecraft) Created: 512x512x0 minecraft:textures/atlas/chest.png-atlas
[17:02:36] [Render thread/INFO] (Minecraft) Created: 256x128x0 minecraft:textures/atlas/celestials.png-atlas
[17:02:36] [Render thread/INFO] (Minecraft) Created: 1024x512x0 minecraft:textures/atlas/banner_patterns.png-atlas
[17:02:36] [Render thread/INFO] (Minecraft) Created: 512x512x0 minecraft:textures/atlas/beds.png-atlas
[17:02:36] [Render thread/INFO] (Minecraft) Created: 1024x512x0 minecraft:textures/atlas/items.png-atlas
[17:02:36] [Render thread/INFO] (Minecraft) Created: 1024x1024x0 minecraft:textures/atlas/gui.png-atlas
[17:02:36] [Render thread/INFO] (Minecraft) Created: 128x64x0 minecraft:textures/atlas/map_decorations.png-atlas
[17:02:36] [Render thread/INFO] (Minecraft) Created: 512x256x0 minecraft:textures/atlas/signs.png-atlas
[17:02:36] [Render thread/INFO] (Minecraft) Created: 512x512x0 minecraft:textures/atlas/shulker_boxes.png-atlas
[17:02:37] [IO-Worker-1/INFO] (Minecraft) Could not authorize you against Realms server: java.lang.RuntimeException: Failed to parse into SignedJWT: FabricMC
[17:02:37] [IO-Worker-1/ERROR] (Minecraft) Couldn't connect to realms
com.mojang.realmsclient.exception.RealmsServiceException: Realms authentication error with message 'java.lang.RuntimeException: Failed to parse into SignedJWT: FabricMC'
	at knot//com.mojang.realmsclient.client.RealmsClient.execute(RealmsClient.java:526)
	at knot//com.mojang.realmsclient.client.RealmsClient.clientCompatible(RealmsClient.java:307)
	at knot//com.mojang.realmsclient.RealmsAvailability.method_52627(RealmsAvailability.java:48)
	at java.base/java.util.concurrent.CompletableFuture$AsyncSupply.run(CompletableFuture.java:1768)
	at java.base/java.util.concurrent.ThreadPoolExecutor.runWorker(ThreadPoolExecutor.java:1144)
	at java.base/java.util.concurrent.ThreadPoolExecutor$Worker.run(ThreadPoolExecutor.java:642)
	at java.base/java.lang.Thread.run(Thread.java:1583)
[17:02:42] [Render thread/INFO] (Minecraft) Loaded 1470 recipes
[17:02:42] [Render thread/INFO] (Minecraft) Loaded 1584 advancements
[17:02:42] [Render thread/INFO] (BiomeModificationImpl) Applied 0 biome modifications to 0 of 65 new biomes in 1.421 ms
[17:02:42] [Server thread/INFO] (Minecraft) Starting integrated minecraft server version 1.21.11
[17:02:42] [Server thread/INFO] (Minecraft) Generating keypair
[17:02:42] [Server thread/INFO] (Minecraft) Loading 0 persistent chunks...
[17:02:42] [Server thread/INFO] (Minecraft) Preparing spawn area: 16%
[17:02:43] [Server thread/INFO] (Minecraft) Loading 49 chunks for player spawn...
[17:02:43] [Server thread/INFO] (Minecraft) Preparing spawn area: 16%
[17:02:43] [Server thread/INFO] (Minecraft) Time elapsed: 777 ms
[17:02:43] [Server thread/INFO] (Minecraft) Player586[local:E:70aba762] logged in with entity id 116 at (160.92631023434524, -40.63750370205434, -200.01115513689362)
[17:02:43] [Server thread/INFO] (Minecraft) Player586 joined the game
[17:02:43] [Server thread/INFO] (Minecraft) Changing view distance to 16, from 10
[17:02:43] [Server thread/INFO] (Minecraft) Changing simulation distance to 12, from 0
[17:02:44] [Render thread/INFO] (Minecraft) Resizing Dynamic Transforms UBO, capacity limit of 2 reached during a single frame. New capacity will be 4.
[17:02:44] [Render thread/INFO] (Minecraft) Loaded 12 advancements
[17:02:44] [Render thread/INFO] (Minecraft) Resizing Dynamic Transforms UBO, capacity limit of 4 reached during a single frame. New capacity will be 8.
[17:02:44] [Render thread/INFO] (Minecraft) Resizing Chunk Sections UBO, capacity limit of 2 reached during a single frame. New capacity will be 16.
[17:02:44] [Server thread/INFO] (Minecraft) [@: Set the time to 17990]
[17:02:44] [Render thread/INFO] (Minecraft) [System] [CHAT] [@: Set the time to 17990]
[17:02:44] [Render thread/INFO] (Minecraft) Resizing Chunk Sections UBO, capacity limit of 16 reached during a single frame. New capacity will be 32.
[17:02:44] [Server thread/INFO] (siege-stopper-fabric) [SiegeStopper] An active village siege was successfully prevented!
[17:02:45] [Render thread/INFO] (Minecraft) Resizing Chunk Sections UBO, capacity limit of 32 reached during a single frame. New capacity will be 64.
[17:02:45] [Render thread/INFO] (Minecraft) Resizing Chunk Sections UBO, capacity limit of 64 reached during a single frame. New capacity will be 128.
[17:02:45] [Server thread/INFO] (Minecraft) [@: Set the time to 23990]
[17:02:45] [Render thread/INFO] (Minecraft) [System] [CHAT] [@: Set the time to 23990]
[17:02:45] [Render thread/INFO] (Minecraft) Resizing Dynamic Transforms UBO, capacity limit of 8 reached during a single frame. New capacity will be 16.
[17:02:45] [Render thread/INFO] (Minecraft) Resizing Chunk Sections UBO, capacity limit of 128 reached during a single frame. New capacity will be 256.
[17:02:46] [Server thread/INFO] (Minecraft) [@: Set the time to 17990]
[17:02:46] [Render thread/INFO] (Minecraft) [System] [CHAT] [@: Set the time to 17990]
[17:02:46] [Render thread/INFO] (Minecraft) Resizing Chunk Sections UBO, capacity limit of 256 reached during a single frame. New capacity will be 512.
[17:02:47] [Server thread/INFO] (Minecraft) [@: Set the time to 23990]
[17:02:47] [Render thread/INFO] (Minecraft) [System] [CHAT] [@: Set the time to 23990]
[17:02:48] [Server thread/INFO] (Minecraft) [@: Set the time to 17990]
[17:02:48] [Render thread/INFO] (Minecraft) [System] [CHAT] [@: Set the time to 17990]
[17:02:49] [Server thread/INFO] (siege-stopper-fabric) [SiegeStopper] An active village siege was successfully prevented!
[17:02:50] [Server thread/INFO] (Minecraft) [@: Set the time to 23990]
[17:02:50] [Render thread/INFO] (Minecraft) [System] [CHAT] [@: Set the time to 23990]
[17:02:51] [Server thread/INFO] (Minecraft) [@: Set the time to 17990]
[17:02:51] [Render thread/INFO] (Minecraft) [System] [CHAT] [@: Set the time to 17990]
[17:02:52] [Server thread/INFO] (Minecraft) [@: Set the time to 23990]
[17:02:52] [Render thread/INFO] (Minecraft) [System] [CHAT] [@: Set the time to 23990]
[17:02:52] [Server thread/INFO] (Minecraft) [Player586: Killed 182 entities]
[17:02:52] [Render thread/INFO] (Minecraft) [System] [CHAT] Killed 182 entities
[17:02:53] [Server thread/INFO] (Minecraft) [@: Set the time to 17990]
[17:02:53] [Render thread/INFO] (Minecraft) [System] [CHAT] [@: Set the time to 17990]
[17:02:54] [Server thread/INFO] (Minecraft) [Player586: Killed 158 entities]
[17:02:54] [Render thread/INFO] (Minecraft) [System] [CHAT] Killed 158 entities
[17:02:54] [Server thread/INFO] (Minecraft) [@: Set the time to 23990]
[17:02:54] [Render thread/INFO] (Minecraft) [System] [CHAT] [@: Set the time to 23990]
[17:02:55] [Server thread/INFO] (Minecraft) [@: Set the time to 17990]
[17:02:55] [Render thread/INFO] (Minecraft) [System] [CHAT] [@: Set the time to 17990]
[17:02:56] [Server thread/INFO] (Minecraft) [@: Set the time to 23990]
[17:02:56] [Render thread/INFO] (Minecraft) [System] [CHAT] [@: Set the time to 23990]
[17:02:57] [Server thread/INFO] (Minecraft) [@: Set the time to 17990]
[17:02:57] [Render thread/INFO] (Minecraft) [System] [CHAT] [@: Set the time to 17990]
[17:02:59] [Server thread/INFO] (Minecraft) [@: Set the time to 23990]
[17:02:59] [Render thread/INFO] (Minecraft) [System] [CHAT] [@: Set the time to 23990]
[17:03:00] [Server thread/INFO] (Minecraft) [@: Set the time to 17990]
[17:03:00] [Render thread/INFO] (Minecraft) [System] [CHAT] [@: Set the time to 17990]
[17:03:01] [Server thread/INFO] (Minecraft) [@: Set the time to 23990]
[17:03:01] [Render thread/INFO] (Minecraft) [System] [CHAT] [@: Set the time to 23990]
[17:03:02] [Server thread/INFO] (Minecraft) [@: Set the time to 17990]
[17:03:02] [Render thread/INFO] (Minecraft) [System] [CHAT] [@: Set the time to 17990]
[17:03:03] [Server thread/INFO] (Minecraft) [@: Set the time to 23990]
[17:03:03] [Render thread/INFO] (Minecraft) [System] [CHAT] [@: Set the time to 23990]
[17:03:04] [Server thread/INFO] (Minecraft) [@: Set the time to 17990]
[17:03:04] [Render thread/INFO] (Minecraft) [System] [CHAT] [@: Set the time to 17990]
[17:03:05] [Server thread/INFO] (siege-stopper-fabric) [SiegeStopper] An active village siege was successfully prevented!
[17:03:06] [Server thread/INFO] (Minecraft) [@: Set the time to 23990]
[17:03:06] [Render thread/INFO] (Minecraft) [System] [CHAT] [@: Set the time to 23990]
[17:03:07] [Server thread/INFO] (Minecraft) [@: Set the time to 17990]
[17:03:07] [Render thread/INFO] (Minecraft) [System] [CHAT] [@: Set the time to 17990]
[17:03:08] [Server thread/INFO] (Minecraft) [@: Set the time to 23990]
[17:03:08] [Render thread/INFO] (Minecraft) [System] [CHAT] [@: Set the time to 23990]
[17:03:09] [Server thread/INFO] (Minecraft) [@: Set the time to 17990]
[17:03:09] [Render thread/INFO] (Minecraft) [System] [CHAT] [@: Set the time to 17990]
[17:03:10] [Server thread/INFO] (Minecraft) [@: Set the time to 23990]
[17:03:10] [Render thread/INFO] (Minecraft) [System] [CHAT] [@: Set the time to 23990]
[17:03:11] [Server thread/INFO] (Minecraft) [@: Set the time to 17990]
[17:03:11] [Render thread/INFO] (Minecraft) [System] [CHAT] [@: Set the time to 17990]
[17:03:12] [Server thread/INFO] (siege-stopper-fabric) [SiegeStopper] An active village siege was successfully prevented!
[17:03:13] [Server thread/INFO] (Minecraft) [@: Set the time to 23990]
[17:03:13] [Render thread/INFO] (Minecraft) [System] [CHAT] [@: Set the time to 23990]
[17:03:14] [Server thread/INFO] (Minecraft) [@: Set the time to 17990]
[17:03:14] [Render thread/INFO] (Minecraft) [System] [CHAT] [@: Set the time to 17990]
[17:03:15] [Server thread/INFO] (Minecraft) [@: Set the time to 23990]
[17:03:15] [Render thread/INFO] (Minecraft) [System] [CHAT] [@: Set the time to 23990]
[17:03:16] [Server thread/INFO] (Minecraft) [@: Set the time to 17990]
[17:03:16] [Render thread/INFO] (Minecraft) [System] [CHAT] [@: Set the time to 17990]
[17:03:16] [Server thread/INFO] (siege-stopper-fabric) [SiegeStopper] An active village siege was successfully prevented!
[17:03:17] [Server thread/INFO] (Minecraft) [@: Set the time to 23990]
[17:03:17] [Render thread/INFO] (Minecraft) [System] [CHAT] [@: Set the time to 23990]
[17:03:18] [Server thread/INFO] (Minecraft) [@: Set the time to 17990]
[17:03:18] [Render thread/INFO] (Minecraft) [System] [CHAT] [@: Set the time to 17990]
[17:03:19] [Server thread/INFO] (Minecraft) [@: Set the time to 23990]
[17:03:19] [Render thread/INFO] (Minecraft) [System] [CHAT] [@: Set the time to 23990]
[17:03:20] [Server thread/INFO] (Minecraft) [@: Set the time to 17990]
[17:03:20] [Render thread/INFO] (Minecraft) [System] [CHAT] [@: Set the time to 17990]
[17:03:22] [Server thread/INFO] (Minecraft) [@: Set the time to 23990]
[17:03:22] [Render thread/INFO] (Minecraft) [System] [CHAT] [@: Set the time to 23990]
[17:03:23] [Server thread/INFO] (Minecraft) [@: Set the time to 17990]
[17:03:23] [Render thread/INFO] (Minecraft) [System] [CHAT] [@: Set the time to 17990]
[17:03:24] [Server thread/INFO] (Minecraft) [@: Set the time to 23990]
[17:03:24] [Render thread/INFO] (Minecraft) [System] [CHAT] [@: Set the time to 23990]
[17:03:25] [Server thread/INFO] (Minecraft) [@: Set the time to 17990]
[17:03:25] [Render thread/INFO] (Minecraft) [System] [CHAT] [@: Set the time to 17990]
[17:03:26] [Server thread/INFO] (Minecraft) [@: Set the time to 23990]
[17:03:26] [Render thread/INFO] (Minecraft) [System] [CHAT] [@: Set the time to 23990]
[17:03:27] [Server thread/INFO] (Minecraft) [@: Set the time to 17990]
[17:03:27] [Render thread/INFO] (Minecraft) [System] [CHAT] [@: Set the time to 17990]
[17:03:29] [Server thread/INFO] (Minecraft) [@: Set the time to 23990]
[17:03:29] [Render thread/INFO] (Minecraft) [System] [CHAT] [@: Set the time to 23990]
[17:03:30] [Server thread/INFO] (Minecraft) [@: Set the time to 17990]
[17:03:30] [Render thread/INFO] (Minecraft) [System] [CHAT] [@: Set the time to 17990]
[17:03:31] [Server thread/INFO] (Minecraft) [@: Set the time to 23990]
[17:03:31] [Render thread/INFO] (Minecraft) [System] [CHAT] [@: Set the time to 23990]
[17:03:32] [Server thread/INFO] (Minecraft) [@: Set the time to 17990]
[17:03:32] [Render thread/INFO] (Minecraft) [System] [CHAT] [@: Set the time to 17990]
[17:03:33] [Server thread/INFO] (Minecraft) [@: Set the time to 23990]
[17:03:33] [Render thread/INFO] (Minecraft) [System] [CHAT] [@: Set the time to 23990]
[17:03:34] [Server thread/INFO] (Minecraft) [@: Set the time to 17990]
[17:03:34] [Render thread/INFO] (Minecraft) [System] [CHAT] [@: Set the time to 17990]
[17:03:36] [Server thread/INFO] (Minecraft) [@: Set the time to 23990]
[17:03:36] [Render thread/INFO] (Minecraft) [System] [CHAT] [@: Set the time to 23990]
[17:03:37] [Server thread/INFO] (Minecraft) [@: Set the time to 17990]
[17:03:37] [Render thread/INFO] (Minecraft) [System] [CHAT] [@: Set the time to 17990]
[17:03:38] [Server thread/INFO] (Minecraft) [@: Set the time to 23990]
[17:03:38] [Render thread/INFO] (Minecraft) [System] [CHAT] [@: Set the time to 23990]
[17:03:39] [Server thread/INFO] (Minecraft) [@: Set the time to 17990]
[17:03:39] [Render thread/INFO] (Minecraft) [System] [CHAT] [@: Set the time to 17990]
[17:03:40] [Server thread/INFO] (Minecraft) [@: Set the time to 23990]
[17:03:40] [Render thread/INFO] (Minecraft) [System] [CHAT] [@: Set the time to 23990]
[17:03:41] [Server thread/INFO] (Minecraft) [@: Set the time to 17990]
[17:03:41] [Render thread/INFO] (Minecraft) [System] [CHAT] [@: Set the time to 17990]
[17:03:41] [Server thread/INFO] (Minecraft) [Player586: Killed 111 entities]
[17:03:41] [Render thread/INFO] (Minecraft) [System] [CHAT] Killed 111 entities
[17:03:42] [Server thread/INFO] (Minecraft) [@: Set the time to 23990]
[17:03:42] [Render thread/INFO] (Minecraft) [System] [CHAT] [@: Set the time to 23990]
[17:03:43] [Server thread/INFO] (Minecraft) [Player586: Killed 135 entities]
[17:03:43] [Render thread/INFO] (Minecraft) [System] [CHAT] Killed 135 entities
[17:03:43] [Server thread/INFO] (Minecraft) [@: Set the time to 17990]
[17:03:43] [Render thread/INFO] (Minecraft) [System] [CHAT] [@: Set the time to 17990]
[17:03:45] [Server thread/INFO] (Minecraft) [@: Set the time to 23990]
[17:03:45] [Render thread/INFO] (Minecraft) [System] [CHAT] [@: Set the time to 23990]
[17:03:46] [Server thread/INFO] (Minecraft) [@: Set the time to 17990]
[17:03:46] [Render thread/INFO] (Minecraft) [System] [CHAT] [@: Set the time to 17990]
[17:03:47] [Server thread/INFO] (Minecraft) [@: Set the time to 23990]
[17:03:47] [Render thread/INFO] (Minecraft) [System] [CHAT] [@: Set the time to 23990]
[17:03:48] [Server thread/INFO] (Minecraft) [@: Set the time to 17990]
[17:03:48] [Render thread/INFO] (Minecraft) [System] [CHAT] [@: Set the time to 17990]
[17:03:49] [Server thread/INFO] (Minecraft) [@: Set the time to 23990]
[17:03:49] [Render thread/INFO] (Minecraft) [System] [CHAT] [@: Set the time to 23990]
[17:03:50] [Server thread/INFO] (Minecraft) [@: Set the time to 17990]
[17:03:50] [Render thread/INFO] (Minecraft) [System] [CHAT] [@: Set the time to 17990]
[17:03:52] [Server thread/INFO] (Minecraft) [@: Set the time to 23990]
[17:03:52] [Render thread/INFO] (Minecraft) [System] [CHAT] [@: Set the time to 23990]
[17:03:53] [Server thread/INFO] (Minecraft) [@: Set the time to 17990]
[17:03:53] [Render thread/INFO] (Minecraft) [System] [CHAT] [@: Set the time to 17990]
[17:03:54] [Server thread/INFO] (Minecraft) [@: Set the time to 23990]
[17:03:54] [Render thread/INFO] (Minecraft) [System] [CHAT] [@: Set the time to 23990]
[17:03:55] [Server thread/INFO] (Minecraft) [@: Set the time to 17990]
[17:03:55] [Render thread/INFO] (Minecraft) [System] [CHAT] [@: Set the time to 17990]
[17:03:56] [Server thread/INFO] (Minecraft) [@: Set the time to 23990]
[17:03:56] [Render thread/INFO] (Minecraft) [System] [CHAT] [@: Set the time to 23990]
[17:03:57] [Server thread/INFO] (Minecraft) [@: Set the time to 17990]
[17:03:57] [Render thread/INFO] (Minecraft) [System] [CHAT] [@: Set the time to 17990]
[17:03:59] [Server thread/INFO] (Minecraft) [@: Set the time to 23990]
[17:03:59] [Render thread/INFO] (Minecraft) [System] [CHAT] [@: Set the time to 23990]
[17:04:00] [Server thread/INFO] (Minecraft) [@: Set the time to 17990]
[17:04:00] [Render thread/INFO] (Minecraft) [System] [CHAT] [@: Set the time to 17990]
[17:04:01] [Server thread/INFO] (Minecraft) [@: Set the time to 23990]
[17:04:01] [Render thread/INFO] (Minecraft) [System] [CHAT] [@: Set the time to 23990]
[17:04:02] [Server thread/INFO] (Minecraft) [@: Set the time to 17990]
[17:04:02] [Render thread/INFO] (Minecraft) [System] [CHAT] [@: Set the time to 17990]
[17:04:03] [Server thread/INFO] (Minecraft) [@: Set the time to 23990]
[17:04:03] [Render thread/INFO] (Minecraft) [System] [CHAT] [@: Set the time to 23990]
[17:04:04] [Server thread/INFO] (Minecraft) [@: Set the time to 17990]
[17:04:04] [Render thread/INFO] (Minecraft) [System] [CHAT] [@: Set the time to 17990]
[17:04:05] [Server thread/INFO] (Minecraft) [@: Set the time to 23990]
[17:04:05] [Render thread/INFO] (Minecraft) [System] [CHAT] [@: Set the time to 23990]
[17:04:06] [Server thread/INFO] (Minecraft) [@: Set the time to 17990]
[17:04:06] [Render thread/INFO] (Minecraft) [System] [CHAT] [@: Set the time to 17990]
[17:04:08] [Server thread/INFO] (Minecraft) [@: Set the time to 23990]
[17:04:08] [Render thread/INFO] (Minecraft) [System] [CHAT] [@: Set the time to 23990]
[17:04:09] [Server thread/INFO] (Minecraft) [@: Set the time to 17990]
[17:04:09] [Render thread/INFO] (Minecraft) [System] [CHAT] [@: Set the time to 17990]
[17:04:10] [Server thread/INFO] (Minecraft) [@: Set the time to 23990]
[17:04:10] [Render thread/INFO] (Minecraft) [System] [CHAT] [@: Set the time to 23990]
[17:04:11] [Server thread/INFO] (Minecraft) [@: Set the time to 17990]
[17:04:11] [Render thread/INFO] (Minecraft) [System] [CHAT] [@: Set the time to 17990]
[17:04:12] [Server thread/INFO] (Minecraft) [@: Set the time to 23990]
[17:04:12] [Render thread/INFO] (Minecraft) [System] [CHAT] [@: Set the time to 23990]
[17:04:13] [Server thread/INFO] (Minecraft) [@: Set the time to 17990]
[17:04:13] [Render thread/INFO] (Minecraft) [System] [CHAT] [@: Set the time to 17990]
[17:04:15] [Server thread/INFO] (Minecraft) [@: Set the time to 23990]
[17:04:15] [Render thread/INFO] (Minecraft) [System] [CHAT] [@: Set the time to 23990]
[17:04:16] [Server thread/INFO] (Minecraft) [@: Set the time to 17990]
[17:04:16] [Render thread/INFO] (Minecraft) [System] [CHAT] [@: Set the time to 17990]
[17:04:17] [Server thread/INFO] (Minecraft) [@: Set the time to 23990]
[17:04:17] [Render thread/INFO] (Minecraft) [System] [CHAT] [@: Set the time to 23990]
[17:04:18] [Server thread/INFO] (Minecraft) [@: Set the time to 17990]
[17:04:18] [Render thread/INFO] (Minecraft) [System] [CHAT] [@: Set the time to 17990]
[17:04:18] [Server thread/INFO] (siege-stopper-fabric) [SiegeStopper] An active village siege was successfully prevented!
[17:04:19] [Server thread/INFO] (Minecraft) [@: Set the time to 23990]
[17:04:19] [Render thread/INFO] (Minecraft) [System] [CHAT] [@: Set the time to 23990]
[17:04:20] [Server thread/INFO] (Minecraft) [@: Set the time to 17990]
[17:04:20] [Render thread/INFO] (Minecraft) [System] [CHAT] [@: Set the time to 17990]
[17:04:22] [Server thread/INFO] (Minecraft) [@: Set the time to 23990]
[17:04:22] [Render thread/INFO] (Minecraft) [System] [CHAT] [@: Set the time to 23990]
[17:04:23] [Server thread/INFO] (Minecraft) [@: Set the time to 17990]
[17:04:23] [Render thread/INFO] (Minecraft) [System] [CHAT] [@: Set the time to 17990]
[17:04:24] [Server thread/INFO] (Minecraft) [@: Set the time to 23990]
[17:04:24] [Render thread/INFO] (Minecraft) [System] [CHAT] [@: Set the time to 23990]
[17:04:25] [Server thread/INFO] (Minecraft) [@: Set the time to 17990]
[17:04:25] [Render thread/INFO] (Minecraft) [System] [CHAT] [@: Set the time to 17990]
[17:04:25] [Server thread/INFO] (siege-stopper-fabric) [SiegeStopper] An active village siege was successfully prevented!
[17:04:26] [Server thread/INFO] (Minecraft) [@: Set the time to 23990]
[17:04:26] [Render thread/INFO] (Minecraft) [System] [CHAT] [@: Set the time to 23990]
[17:04:27] [Server thread/INFO] (Minecraft) [@: Set the time to 17990]
[17:04:27] [Render thread/INFO] (Minecraft) [System] [CHAT] [@: Set the time to 17990]
[17:04:28] [Server thread/INFO] (Minecraft) [@: Set the time to 23990]
[17:04:28] [Render thread/INFO] (Minecraft) [System] [CHAT] [@: Set the time to 23990]
[17:04:29] [Server thread/INFO] (Minecraft) [@: Set the time to 17990]
[17:04:29] [Render thread/INFO] (Minecraft) [System] [CHAT] [@: Set the time to 17990]
[17:04:31] [Server thread/INFO] (Minecraft) [@: Set the time to 23990]
[17:04:31] [Render thread/INFO] (Minecraft) [System] [CHAT] [@: Set the time to 23990]
[17:04:32] [Server thread/INFO] (Minecraft) [@: Set the time to 17990]
[17:04:32] [Render thread/INFO] (Minecraft) [System] [CHAT] [@: Set the time to 17990]
[17:04:33] [Server thread/INFO] (Minecraft) [@: Set the time to 23990]
[17:04:33] [Render thread/INFO] (Minecraft) [System] [CHAT] [@: Set the time to 23990]
[17:04:34] [Server thread/INFO] (Minecraft) [@: Set the time to 17990]
[17:04:34] [Render thread/INFO] (Minecraft) [System] [CHAT] [@: Set the time to 17990]
[17:04:35] [Server thread/INFO] (Minecraft) [@: Set the time to 23990]
[17:04:35] [Render thread/INFO] (Minecraft) [System] [CHAT] [@: Set the time to 23990]
[17:04:36] [Server thread/INFO] (Minecraft) [@: Set the time to 17990]
[17:04:36] [Render thread/INFO] (Minecraft) [System] [CHAT] [@: Set the time to 17990]
[17:04:38] [Server thread/INFO] (Minecraft) [@: Set the time to 23990]
[17:04:38] [Render thread/INFO] (Minecraft) [System] [CHAT] [@: Set the time to 23990]
[17:04:39] [Server thread/INFO] (Minecraft) [@: Set the time to 17990]
[17:04:39] [Render thread/INFO] (Minecraft) [System] [CHAT] [@: Set the time to 17990]
[17:04:40] [Server thread/INFO] (Minecraft) [@: Set the time to 23990]
[17:04:40] [Render thread/INFO] (Minecraft) [System] [CHAT] [@: Set the time to 23990]
[17:04:41] [Server thread/INFO] (Minecraft) [@: Set the time to 17990]
[17:04:41] [Render thread/INFO] (Minecraft) [System] [CHAT] [@: Set the time to 17990]
[17:04:42] [Server thread/INFO] (Minecraft) [@: Set the time to 23990]
[17:04:42] [Render thread/INFO] (Minecraft) [System] [CHAT] [@: Set the time to 23990]
[17:04:43] [Server thread/INFO] (Minecraft) [@: Set the time to 17990]
[17:04:43] [Render thread/INFO] (Minecraft) [System] [CHAT] [@: Set the time to 17990]
[17:04:45] [Server thread/INFO] (Minecraft) [@: Set the time to 23990]
[17:04:45] [Render thread/INFO] (Minecraft) [System] [CHAT] [@: Set the time to 23990]
[17:04:46] [Server thread/INFO] (Minecraft) [@: Set the time to 17990]
[17:04:46] [Render thread/INFO] (Minecraft) [System] [CHAT] [@: Set the time to 17990]
[17:04:47] [Server thread/INFO] (Minecraft) [@: Set the time to 23990]
[17:04:47] [Render thread/INFO] (Minecraft) [System] [CHAT] [@: Set the time to 23990]
[17:04:48] [Server thread/INFO] (Minecraft) [@: Set the time to 17990]
[17:04:48] [Render thread/INFO] (Minecraft) [System] [CHAT] [@: Set the time to 17990]
[17:04:49] [Server thread/INFO] (Minecraft) [@: Set the time to 23990]
[17:04:49] [Render thread/INFO] (Minecraft) [System] [CHAT] [@: Set the time to 23990]
[17:04:50] [Server thread/INFO] (Minecraft) [@: Set the time to 17990]
[17:04:50] [Render thread/INFO] (Minecraft) [System] [CHAT] [@: Set the time to 17990]
[17:04:51] [Server thread/INFO] (Minecraft) [@: Set the time to 23990]
[17:04:51] [Render thread/INFO] (Minecraft) [System] [CHAT] [@: Set the time to 23990]
[17:04:52] [Server thread/INFO] (Minecraft) [@: Set the time to 17990]
[17:04:52] [Render thread/INFO] (Minecraft) [System] [CHAT] [@: Set the time to 17990]
[17:04:54] [Server thread/INFO] (Minecraft) [@: Set the time to 23990]
[17:04:54] [Render thread/INFO] (Minecraft) [System] [CHAT] [@: Set the time to 23990]
[17:04:55] [Server thread/INFO] (Minecraft) [@: Set the time to 17990]
[17:04:55] [Render thread/INFO] (Minecraft) [System] [CHAT] [@: Set the time to 17990]
[17:04:56] [Server thread/INFO] (Minecraft) [@: Set the time to 23990]
[17:04:56] [Render thread/INFO] (Minecraft) [System] [CHAT] [@: Set the time to 23990]
[17:04:57] [Server thread/INFO] (Minecraft) [@: Set the time to 17990]
[17:04:57] [Render thread/INFO] (Minecraft) [System] [CHAT] [@: Set the time to 17990]
[17:04:58] [Server thread/INFO] (Minecraft) [@: Set the time to 23990]
[17:04:58] [Render thread/INFO] (Minecraft) [System] [CHAT] [@: Set the time to 23990]
[17:04:59] [Server thread/INFO] (Minecraft) [@: Set the time to 17990]
[17:04:59] [Render thread/INFO] (Minecraft) [System] [CHAT] [@: Set the time to 17990]
[17:05:01] [Server thread/INFO] (Minecraft) [@: Set the time to 23990]
[17:05:01] [Render thread/INFO] (Minecraft) [System] [CHAT] [@: Set the time to 23990]
[17:05:02] [Server thread/INFO] (Minecraft) [@: Set the time to 17990]
[17:05:02] [Render thread/INFO] (Minecraft) [System] [CHAT] [@: Set the time to 17990]
[17:05:03] [Server thread/INFO] (Minecraft) [@: Set the time to 23990]
[17:05:03] [Render thread/INFO] (Minecraft) [System] [CHAT] [@: Set the time to 23990]
[17:05:04] [Server thread/INFO] (Minecraft) [@: Set the time to 17990]
[17:05:04] [Render thread/INFO] (Minecraft) [System] [CHAT] [@: Set the time to 17990]
[17:05:04] [Server thread/INFO] (siege-stopper-fabric) [SiegeStopper] An active village siege was successfully prevented!
[17:05:05] [Server thread/INFO] (Minecraft) [@: Set the time to 23990]
[17:05:05] [Render thread/INFO] (Minecraft) [System] [CHAT] [@: Set the time to 23990]
[17:05:06] [Server thread/INFO] (Minecraft) [@: Set the time to 17990]
[17:05:06] [Render thread/INFO] (Minecraft) [System] [CHAT] [@: Set the time to 17990]
[17:05:08] [Server thread/INFO] (Minecraft) [@: Set the time to 23990]
[17:05:08] [Render thread/INFO] (Minecraft) [System] [CHAT] [@: Set the time to 23990]
[17:05:09] [Server thread/INFO] (Minecraft) [@: Set the time to 17990]
[17:05:09] [Render thread/INFO] (Minecraft) [System] [CHAT] [@: Set the time to 17990]
[17:05:10] [Server thread/INFO] (Minecraft) [@: Set the time to 23990]
[17:05:10] [Render thread/INFO] (Minecraft) [System] [CHAT] [@: Set the time to 23990]
[17:05:11] [Server thread/INFO] (Minecraft) [@: Set the time to 17990]
[17:05:11] [Render thread/INFO] (Minecraft) [System] [CHAT] [@: Set the time to 17990]
[17:05:12] [Server thread/INFO] (Minecraft) [@: Set the time to 23990]
[17:05:12] [Render thread/INFO] (Minecraft) [System] [CHAT] [@: Set the time to 23990]
[17:05:13] [Server thread/INFO] (Minecraft) [@: Set the time to 17990]
[17:05:13] [Render thread/INFO] (Minecraft) [System] [CHAT] [@: Set the time to 17990]
[17:05:14] [Server thread/INFO] (Minecraft) [@: Set the time to 23990]
[17:05:14] [Render thread/INFO] (Minecraft) [System] [CHAT] [@: Set the time to 23990]
[17:05:15] [Server thread/INFO] (Minecraft) [@: Set the time to 17990]
[17:05:15] [Render thread/INFO] (Minecraft) [System] [CHAT] [@: Set the time to 17990]
[17:05:17] [Server thread/INFO] (Minecraft) [@: Set the time to 23990]
[17:05:17] [Render thread/INFO] (Minecraft) [System] [CHAT] [@: Set the time to 23990]
[17:05:18] [Server thread/INFO] (Minecraft) [@: Set the time to 17990]
[17:05:18] [Render thread/INFO] (Minecraft) [System] [CHAT] [@: Set the time to 17990]
[17:05:19] [Server thread/INFO] (Minecraft) [@: Set the time to 23990]
[17:05:19] [Render thread/INFO] (Minecraft) [System] [CHAT] [@: Set the time to 23990]
[17:05:20] [Server thread/INFO] (Minecraft) [@: Set the time to 17990]
[17:05:20] [Render thread/INFO] (Minecraft) [System] [CHAT] [@: Set the time to 17990]
[17:05:21] [Server thread/INFO] (Minecraft) [@: Set the time to 23990]
[17:05:21] [Render thread/INFO] (Minecraft) [System] [CHAT] [@: Set the time to 23990]
[17:05:22] [Server thread/INFO] (Minecraft) [@: Set the time to 17990]
[17:05:22] [Render thread/INFO] (Minecraft) [System] [CHAT] [@: Set the time to 17990]
[17:05:24] [Server thread/INFO] (Minecraft) [@: Set the time to 23990]
[17:05:24] [Render thread/INFO] (Minecraft) [System] [CHAT] [@: Set the time to 23990]
[17:05:25] [Server thread/INFO] (Minecraft) [@: Set the time to 17990]
[17:05:25] [Render thread/INFO] (Minecraft) [System] [CHAT] [@: Set the time to 17990]
[17:05:26] [Server thread/INFO] (Minecraft) [@: Set the time to 23990]
[17:05:26] [Render thread/INFO] (Minecraft) [System] [CHAT] [@: Set the time to 23990]
[17:05:27] [Server thread/INFO] (Minecraft) [@: Set the time to 17990]
[17:05:27] [Render thread/INFO] (Minecraft) [System] [CHAT] [@: Set the time to 17990]
[17:05:28] [Server thread/INFO] (Minecraft) [@: Set the time to 23990]
[17:05:28] [Render thread/INFO] (Minecraft) [System] [CHAT] [@: Set the time to 23990]
[17:05:29] [Server thread/INFO] (Minecraft) [@: Set the time to 17990]
[17:05:29] [Render thread/INFO] (Minecraft) [System] [CHAT] [@: Set the time to 17990]
[17:05:31] [Server thread/INFO] (Minecraft) [@: Set the time to 23990]
[17:05:31] [Render thread/INFO] (Minecraft) [System] [CHAT] [@: Set the time to 23990]
[17:05:32] [Server thread/INFO] (Minecraft) [@: Set the time to 17990]
[17:05:32] [Render thread/INFO] (Minecraft) [System] [CHAT] [@: Set the time to 17990]
[17:05:33] [Server thread/INFO] (Minecraft) [@: Set the time to 23990]
[17:05:33] [Render thread/INFO] (Minecraft) [System] [CHAT] [@: Set the time to 23990]
[17:05:34] [Server thread/INFO] (Minecraft) [@: Set the time to 17990]
[17:05:34] [Render thread/INFO] (Minecraft) [System] [CHAT] [@: Set the time to 17990]
[17:05:35] [Server thread/INFO] (Minecraft) [@: Set the time to 23990]
[17:05:35] [Render thread/INFO] (Minecraft) [System] [CHAT] [@: Set the time to 23990]
[17:05:36] [Server thread/INFO] (Minecraft) [@: Set the time to 17990]
[17:05:36] [Render thread/INFO] (Minecraft) [System] [CHAT] [@: Set the time to 17990]
[17:05:37] [Server thread/INFO] (Minecraft) [@: Set the time to 23990]
[17:05:37] [Render thread/INFO] (Minecraft) [System] [CHAT] [@: Set the time to 23990]
[17:05:38] [Server thread/INFO] (Minecraft) [@: Set the time to 17990]
[17:05:38] [Render thread/INFO] (Minecraft) [System] [CHAT] [@: Set the time to 17990]
[17:05:39] [Server thread/INFO] (siege-stopper-fabric) [SiegeStopper] An active village siege was successfully prevented!
[17:05:40] [Server thread/INFO] (Minecraft) [@: Set the time to 23990]
[17:05:40] [Render thread/INFO] (Minecraft) [System] [CHAT] [@: Set the time to 23990]
[17:05:41] [Server thread/INFO] (Minecraft) [@: Set the time to 17990]
[17:05:41] [Render thread/INFO] (Minecraft) [System] [CHAT] [@: Set the time to 17990]
[17:05:42] [Server thread/INFO] (Minecraft) [@: Set the time to 23990]
[17:05:42] [Render thread/INFO] (Minecraft) [System] [CHAT] [@: Set the time to 23990]
[17:05:43] [Server thread/INFO] (Minecraft) [@: Set the time to 17990]
[17:05:43] [Render thread/INFO] (Minecraft) [System] [CHAT] [@: Set the time to 17990]
[17:05:44] [Server thread/INFO] (Minecraft) [@: Set the time to 23990]
[17:05:44] [Render thread/INFO] (Minecraft) [System] [CHAT] [@: Set the time to 23990]
[17:05:45] [Server thread/INFO] (Minecraft) [@: Set the time to 17990]
[17:05:45] [Render thread/INFO] (Minecraft) [System] [CHAT] [@: Set the time to 17990]
[17:05:47] [Server thread/INFO] (Minecraft) [@: Set the time to 23990]
[17:05:47] [Render thread/INFO] (Minecraft) [System] [CHAT] [@: Set the time to 23990]
[17:05:48] [Server thread/INFO] (Minecraft) [@: Set the time to 17990]
[17:05:48] [Render thread/INFO] (Minecraft) [System] [CHAT] [@: Set the time to 17990]
[17:05:49] [Server thread/INFO] (Minecraft) [@: Set the time to 23990]
[17:05:49] [Render thread/INFO] (Minecraft) [System] [CHAT] [@: Set the time to 23990]
[17:05:50] [Server thread/INFO] (Minecraft) [@: Set the time to 17990]
[17:05:50] [Render thread/INFO] (Minecraft) [System] [CHAT] [@: Set the time to 17990]
[17:05:51] [Server thread/INFO] (Minecraft) [@: Set the time to 23990]
[17:05:51] [Render thread/INFO] (Minecraft) [System] [CHAT] [@: Set the time to 23990]
[17:05:52] [Server thread/INFO] (Minecraft) [@: Set the time to 17990]
[17:05:52] [Render thread/INFO] (Minecraft) [System] [CHAT] [@: Set the time to 17990]
[17:05:54] [Server thread/INFO] (Minecraft) [@: Set the time to 23990]
[17:05:54] [Render thread/INFO] (Minecraft) [System] [CHAT] [@: Set the time to 23990]
[17:05:55] [Server thread/INFO] (Minecraft) [@: Set the time to 17990]
[17:05:55] [Render thread/INFO] (Minecraft) [System] [CHAT] [@: Set the time to 17990]
[17:05:56] [Server thread/INFO] (Minecraft) [@: Set the time to 23990]
[17:05:56] [Render thread/INFO] (Minecraft) [System] [CHAT] [@: Set the time to 23990]
[17:05:57] [Server thread/INFO] (Minecraft) [@: Set the time to 17990]
[17:05:57] [Render thread/INFO] (Minecraft) [System] [CHAT] [@: Set the time to 17990]
[17:05:57] [Server thread/INFO] (siege-stopper-fabric) [SiegeStopper] An active village siege was successfully prevented!
[17:05:58] [Server thread/INFO] (Minecraft) [@: Set the time to 23990]
[17:05:58] [Render thread/INFO] (Minecraft) [System] [CHAT] [@: Set the time to 23990]
[17:05:59] [Server thread/INFO] (Minecraft) [@: Set the time to 17990]
[17:05:59] [Render thread/INFO] (Minecraft) [System] [CHAT] [@: Set the time to 17990]
[17:06:00] [Server thread/INFO] (Minecraft) [@: Set the time to 23990]
[17:06:00] [Render thread/INFO] (Minecraft) [System] [CHAT] [@: Set the time to 23990]
[17:06:01] [Server thread/INFO] (Minecraft) [@: Set the time to 17990]
[17:06:01] [Render thread/INFO] (Minecraft) [System] [CHAT] [@: Set the time to 17990]
[17:06:03] [Server thread/INFO] (Minecraft) [@: Set the time to 23990]
[17:06:03] [Render thread/INFO] (Minecraft) [System] [CHAT] [@: Set the time to 23990]
[17:06:04] [Server thread/INFO] (Minecraft) [@: Set the time to 17990]
[17:06:04] [Render thread/INFO] (Minecraft) [System] [CHAT] [@: Set the time to 17990]
[17:06:05] [Server thread/INFO] (Minecraft) [@: Set the time to 23990]
[17:06:05] [Render thread/INFO] (Minecraft) [System] [CHAT] [@: Set the time to 23990]
[17:06:06] [Server thread/INFO] (Minecraft) [@: Set the time to 17990]
[17:06:06] [Render thread/INFO] (Minecraft) [System] [CHAT] [@: Set the time to 17990]
[17:06:07] [Server thread/INFO] (Minecraft) [@: Set the time to 23990]
[17:06:07] [Render thread/INFO] (Minecraft) [System] [CHAT] [@: Set the time to 23990]
[17:06:08] [Server thread/INFO] (Minecraft) [@: Set the time to 17990]
[17:06:08] [Render thread/INFO] (Minecraft) [System] [CHAT] [@: Set the time to 17990]
[17:06:10] [Server thread/INFO] (Minecraft) [@: Set the time to 23990]
[17:06:10] [Render thread/INFO] (Minecraft) [System] [CHAT] [@: Set the time to 23990]
[17:06:11] [Server thread/INFO] (Minecraft) [@: Set the time to 17990]
[17:06:11] [Render thread/INFO] (Minecraft) [System] [CHAT] [@: Set the time to 17990]
[17:06:12] [Server thread/INFO] (Minecraft) [@: Set the time to 23990]
[17:06:12] [Render thread/INFO] (Minecraft) [System] [CHAT] [@: Set the time to 23990]
[17:06:13] [Server thread/INFO] (Minecraft) [@: Set the time to 17990]
[17:06:13] [Render thread/INFO] (Minecraft) [System] [CHAT] [@: Set the time to 17990]
[17:06:14] [Server thread/INFO] (Minecraft) [@: Set the time to 23990]
[17:06:14] [Render thread/INFO] (Minecraft) [System] [CHAT] [@: Set the time to 23990]
[17:06:15] [Server thread/INFO] (Minecraft) [@: Set the time to 17990]
[17:06:15] [Render thread/INFO] (Minecraft) [System] [CHAT] [@: Set the time to 17990]
[17:06:17] [Server thread/INFO] (Minecraft) [@: Set the time to 23990]
[17:06:17] [Render thread/INFO] (Minecraft) [System] [CHAT] [@: Set the time to 23990]
[17:06:18] [Server thread/INFO] (Minecraft) [@: Set the time to 17990]
[17:06:18] [Render thread/INFO] (Minecraft) [System] [CHAT] [@: Set the time to 17990]
[17:06:19] [Server thread/INFO] (Minecraft) [@: Set the time to 23990]
[17:06:19] [Render thread/INFO] (Minecraft) [System] [CHAT] [@: Set the time to 23990]
[17:06:20] [Server thread/INFO] (Minecraft) [@: Set the time to 17990]
[17:06:20] [Render thread/INFO] (Minecraft) [System] [CHAT] [@: Set the time to 17990]
[17:06:21] [Server thread/INFO] (Minecraft) [@: Set the time to 23990]
[17:06:21] [Render thread/INFO] (Minecraft) [System] [CHAT] [@: Set the time to 23990]
[17:06:22] [Server thread/INFO] (Minecraft) [@: Set the time to 17990]
[17:06:22] [Render thread/INFO] (Minecraft) [System] [CHAT] [@: Set the time to 17990]
[17:06:23] [Server thread/INFO] (Minecraft) [@: Set the time to 23990]
[17:06:23] [Render thread/INFO] (Minecraft) [System] [CHAT] [@: Set the time to 23990]
[17:06:24] [Server thread/INFO] (Minecraft) [@: Set the time to 17990]
[17:06:24] [Render thread/INFO] (Minecraft) [System] [CHAT] [@: Set the time to 17990]
[17:06:26] [Server thread/INFO] (Minecraft) [@: Set the time to 23990]
[17:06:26] [Render thread/INFO] (Minecraft) [System] [CHAT] [@: Set the time to 23990]
[17:06:27] [Server thread/INFO] (Minecraft) [@: Set the time to 17990]
[17:06:27] [Render thread/INFO] (Minecraft) [System] [CHAT] [@: Set the time to 17990]
[17:06:28] [Server thread/INFO] (Minecraft) [@: Set the time to 23990]
[17:06:28] [Render thread/INFO] (Minecraft) [System] [CHAT] [@: Set the time to 23990]
[17:06:29] [Server thread/INFO] (Minecraft) [@: Set the time to 17990]
[17:06:29] [Render thread/INFO] (Minecraft) [System] [CHAT] [@: Set the time to 17990]
[17:06:30] [Server thread/INFO] (Minecraft) [@: Set the time to 23990]
[17:06:30] [Render thread/INFO] (Minecraft) [System] [CHAT] [@: Set the time to 23990]
[17:06:31] [Server thread/INFO] (Minecraft) [@: Set the time to 17990]
[17:06:31] [Render thread/INFO] (Minecraft) [System] [CHAT] [@: Set the time to 17990]
[17:06:33] [Server thread/INFO] (Minecraft) [@: Set the time to 23990]
[17:06:33] [Render thread/INFO] (Minecraft) [System] [CHAT] [@: Set the time to 23990]
[17:06:34] [Server thread/INFO] (Minecraft) [@: Set the time to 17990]
[17:06:34] [Render thread/INFO] (Minecraft) [System] [CHAT] [@: Set the time to 17990]
[17:06:35] [Server thread/INFO] (Minecraft) [@: Set the time to 23990]
[17:06:35] [Render thread/INFO] (Minecraft) [System] [CHAT] [@: Set the time to 23990]
[17:06:36] [Server thread/INFO] (Minecraft) [@: Set the time to 17990]
[17:06:36] [Render thread/INFO] (Minecraft) [System] [CHAT] [@: Set the time to 17990]
[17:06:37] [Server thread/INFO] (Minecraft) [@: Set the time to 23990]
[17:06:37] [Render thread/INFO] (Minecraft) [System] [CHAT] [@: Set the time to 23990]
[17:06:38] [Server thread/INFO] (Minecraft) [@: Set the time to 17990]
[17:06:38] [Render thread/INFO] (Minecraft) [System] [CHAT] [@: Set the time to 17990]
[17:06:40] [Server thread/INFO] (Minecraft) [@: Set the time to 23990]
[17:06:40] [Render thread/INFO] (Minecraft) [System] [CHAT] [@: Set the time to 23990]
[17:06:41] [Server thread/INFO] (Minecraft) [@: Set the time to 17990]
[17:06:41] [Render thread/INFO] (Minecraft) [System] [CHAT] [@: Set the time to 17990]
[17:06:42] [Server thread/INFO] (Minecraft) [@: Set the time to 23990]
[17:06:42] [Render thread/INFO] (Minecraft) [System] [CHAT] [@: Set the time to 23990]
[17:06:43] [Server thread/INFO] (Minecraft) [@: Set the time to 17990]
[17:06:43] [Render thread/INFO] (Minecraft) [System] [CHAT] [@: Set the time to 17990]
[17:06:44] [Server thread/INFO] (Minecraft) [@: Set the time to 23990]
[17:06:44] [Render thread/INFO] (Minecraft) [System] [CHAT] [@: Set the time to 23990]
[17:06:45] [Server thread/INFO] (Minecraft) [@: Set the time to 17990]
[17:06:45] [Render thread/INFO] (Minecraft) [System] [CHAT] [@: Set the time to 17990]
[17:06:46] [Server thread/INFO] (Minecraft) [@: Set the time to 23990]
[17:06:46] [Render thread/INFO] (Minecraft) [System] [CHAT] [@: Set the time to 23990]
[17:06:47] [Server thread/INFO] (Minecraft) [@: Set the time to 17990]
[17:06:47] [Render thread/INFO] (Minecraft) [System] [CHAT] [@: Set the time to 17990]
[17:06:49] [Server thread/INFO] (Minecraft) [@: Set the time to 23990]
[17:06:49] [Render thread/INFO] (Minecraft) [System] [CHAT] [@: Set the time to 23990]
[17:06:50] [Server thread/INFO] (Minecraft) [@: Set the time to 17990]
[17:06:50] [Render thread/INFO] (Minecraft) [System] [CHAT] [@: Set the time to 17990]
[17:06:51] [Server thread/INFO] (Minecraft) Villager Villager['Librarian'/51, l='ServerLevel[New World]', x=175.78, y=-60.00, z=-187.92] died, message: 'Librarian was burned to a crisp while fighting Zombie'
[17:06:51] [Render thread/INFO] (Minecraft) Villager Villager['Librarian'/51, l='ClientLevel', x=175.27, y=-60.00, z=-188.66] died, message: 'Librarian died'
[17:06:51] [Server thread/INFO] (Minecraft) [@: Set the time to 23990]
[17:06:51] [Render thread/INFO] (Minecraft) [System] [CHAT] [@: Set the time to 23990]
[17:06:52] [Server thread/INFO] (Minecraft) [@: Set the time to 17990]
[17:06:52] [Render thread/INFO] (Minecraft) [System] [CHAT] [@: Set the time to 17990]
[17:06:53] [Server thread/INFO] (Minecraft) [@: Set the time to 23990]
[17:06:53] [Render thread/INFO] (Minecraft) [System] [CHAT] [@: Set the time to 23990]
[17:06:54] [Server thread/INFO] (Minecraft) [@: Set the time to 17990]
[17:06:54] [Render thread/INFO] (Minecraft) [System] [CHAT] [@: Set the time to 17990]
[17:06:56] [Server thread/INFO] (Minecraft) [@: Set the time to 23990]
[17:06:56] [Render thread/INFO] (Minecraft) [System] [CHAT] [@: Set the time to 23990]
[17:06:57] [Server thread/INFO] (Minecraft) [@: Set the time to 17990]
[17:06:57] [Render thread/INFO] (Minecraft) [System] [CHAT] [@: Set the time to 17990]
[17:06:58] [Server thread/INFO] (Minecraft) [@: Set the time to 23990]
[17:06:58] [Render thread/INFO] (Minecraft) [System] [CHAT] [@: Set the time to 23990]
[17:06:59] [Server thread/INFO] (Minecraft) [@: Set the time to 17990]
[17:06:59] [Render thread/INFO] (Minecraft) [System] [CHAT] [@: Set the time to 17990]
[17:07:00] [Server thread/INFO] (Minecraft) [@: Set the time to 23990]
[17:07:00] [Render thread/INFO] (Minecraft) [System] [CHAT] [@: Set the time to 23990]
[17:07:01] [Server thread/INFO] (Minecraft) [@: Set the time to 17990]
[17:07:01] [Render thread/INFO] (Minecraft) [System] [CHAT] [@: Set the time to 17990]
[17:07:03] [Server thread/INFO] (Minecraft) [@: Set the time to 23990]
[17:07:03] [Render thread/INFO] (Minecraft) [System] [CHAT] [@: Set the time to 23990]
[17:07:04] [Server thread/INFO] (Minecraft) [@: Set the time to 17990]
[17:07:04] [Render thread/INFO] (Minecraft) [System] [CHAT] [@: Set the time to 17990]
[17:07:05] [Server thread/INFO] (Minecraft) [@: Set the time to 23990]
[17:07:05] [Render thread/INFO] (Minecraft) [System] [CHAT] [@: Set the time to 23990]
[17:07:06] [Server thread/INFO] (Minecraft) [@: Set the time to 17990]
[17:07:06] [Render thread/INFO] (Minecraft) [System] [CHAT] [@: Set the time to 17990]
[17:07:07] [Server thread/INFO] (Minecraft) [@: Set the time to 23990]
[17:07:07] [Render thread/INFO] (Minecraft) [System] [CHAT] [@: Set the time to 23990]
[17:07:08] [Server thread/INFO] (Minecraft) [@: Set the time to 17990]
[17:07:08] [Render thread/INFO] (Minecraft) [System] [CHAT] [@: Set the time to 17990]
[17:07:09] [Server thread/INFO] (Minecraft) [@: Set the time to 23990]
[17:07:09] [Render thread/INFO] (Minecraft) [System] [CHAT] [@: Set the time to 23990]
[17:07:10] [Server thread/INFO] (Minecraft) [@: Set the time to 17990]
[17:07:10] [Render thread/INFO] (Minecraft) [System] [CHAT] [@: Set the time to 17990]
[17:07:12] [Server thread/INFO] (Minecraft) [@: Set the time to 23990]
[17:07:12] [Render thread/INFO] (Minecraft) [System] [CHAT] [@: Set the time to 23990]
[17:07:13] [Server thread/INFO] (Minecraft) [@: Set the time to 17990]
[17:07:13] [Render thread/INFO] (Minecraft) [System] [CHAT] [@: Set the time to 17990]
[17:07:14] [Server thread/INFO] (Minecraft) [@: Set the time to 23990]
[17:07:14] [Render thread/INFO] (Minecraft) [System] [CHAT] [@: Set the time to 23990]
[17:07:15] [Server thread/INFO] (Minecraft) [@: Set the time to 17990]
[17:07:15] [Render thread/INFO] (Minecraft) [System] [CHAT] [@: Set the time to 17990]
[17:07:16] [Server thread/INFO] (Minecraft) [@: Set the time to 23990]
[17:07:16] [Render thread/INFO] (Minecraft) [System] [CHAT] [@: Set the time to 23990]
[17:07:17] [Server thread/INFO] (Minecraft) [@: Set the time to 17990]
[17:07:17] [Render thread/INFO] (Minecraft) [System] [CHAT] [@: Set the time to 17990]
[17:07:19] [Server thread/INFO] (Minecraft) [@: Set the time to 23990]
[17:07:19] [Render thread/INFO] (Minecraft) [System] [CHAT] [@: Set the time to 23990]
[17:07:20] [Server thread/INFO] (Minecraft) [@: Set the time to 17990]
[17:07:20] [Render thread/INFO] (Minecraft) [System] [CHAT] [@: Set the time to 17990]
[17:07:21] [Server thread/INFO] (Minecraft) [@: Set the time to 23990]
[17:07:21] [Render thread/INFO] (Minecraft) [System] [CHAT] [@: Set the time to 23990]
[17:07:22] [Server thread/INFO] (Minecraft) [@: Set the time to 17990]
[17:07:22] [Render thread/INFO] (Minecraft) [System] [CHAT] [@: Set the time to 17990]
[17:07:22] [Server thread/INFO] (siege-stopper-fabric) [SiegeStopper] An active village siege was successfully prevented!
[17:07:23] [Server thread/INFO] (Minecraft) [@: Set the time to 23990]
[17:07:23] [Render thread/INFO] (Minecraft) [System] [CHAT] [@: Set the time to 23990]
[17:07:24] [Server thread/INFO] (Minecraft) [@: Set the time to 17990]
[17:07:24] [Render thread/INFO] (Minecraft) [System] [CHAT] [@: Set the time to 17990]
[17:07:26] [Server thread/INFO] (Minecraft) [@: Set the time to 23990]
[17:07:26] [Render thread/INFO] (Minecraft) [System] [CHAT] [@: Set the time to 23990]
[17:07:27] [Server thread/INFO] (Minecraft) [@: Set the time to 17990]
[17:07:27] [Render thread/INFO] (Minecraft) [System] [CHAT] [@: Set the time to 17990]
[17:07:28] [Server thread/INFO] (Minecraft) [@: Set the time to 23990]
[17:07:28] [Render thread/INFO] (Minecraft) [System] [CHAT] [@: Set the time to 23990]
[17:07:29] [Server thread/INFO] (Minecraft) [@: Set the time to 17990]
[17:07:29] [Render thread/INFO] (Minecraft) [System] [CHAT] [@: Set the time to 17990]
[17:07:30] [Server thread/INFO] (Minecraft) [@: Set the time to 23990]
[17:07:30] [Render thread/INFO] (Minecraft) [System] [CHAT] [@: Set the time to 23990]
[17:07:31] [Server thread/INFO] (Minecraft) [@: Set the time to 17990]
[17:07:31] [Render thread/INFO] (Minecraft) [System] [CHAT] [@: Set the time to 17990]
[17:07:32] [Server thread/INFO] (Minecraft) [@: Set the time to 23990]
[17:07:32] [Render thread/INFO] (Minecraft) [System] [CHAT] [@: Set the time to 23990]
[17:07:33] [Server thread/INFO] (Minecraft) [@: Set the time to 17990]
[17:07:33] [Render thread/INFO] (Minecraft) [System] [CHAT] [@: Set the time to 17990]
[17:07:35] [Server thread/INFO] (Minecraft) [@: Set the time to 23990]
[17:07:35] [Render thread/INFO] (Minecraft) [System] [CHAT] [@: Set the time to 23990]
[17:07:36] [Server thread/INFO] (Minecraft) [@: Set the time to 17990]
[17:07:36] [Render thread/INFO] (Minecraft) [System] [CHAT] [@: Set the time to 17990]
[17:07:36] [Server thread/INFO] (Minecraft) Villager Villager['Villager'/988, l='ServerLevel[New World]', x=117.12, y=-59.00, z=-200.30] died, message: 'Villager was slain by Zombie'
[17:07:37] [Server thread/INFO] (Minecraft) [@: Set the time to 23990]
[17:07:37] [Render thread/INFO] (Minecraft) [System] [CHAT] [@: Set the time to 23990]
[17:07:38] [Server thread/INFO] (Minecraft) [@: Set the time to 17990]
[17:07:38] [Render thread/INFO] (Minecraft) [System] [CHAT] [@: Set the time to 17990]
[17:07:39] [Server thread/INFO] (Minecraft) [@: Set the time to 23990]
[17:07:39] [Render thread/INFO] (Minecraft) [System] [CHAT] [@: Set the time to 23990]
[17:07:40] [Server thread/INFO] (Minecraft) [@: Set the time to 17990]
[17:07:40] [Render thread/INFO] (Minecraft) [System] [CHAT] [@: Set the time to 17990]
[17:07:42] [Server thread/INFO] (Minecraft) [@: Set the time to 23990]
[17:07:42] [Render thread/INFO] (Minecraft) [System] [CHAT] [@: Set the time to 23990]
[17:07:43] [Server thread/INFO] (Minecraft) [@: Set the time to 17990]
[17:07:43] [Render thread/INFO] (Minecraft) [System] [CHAT] [@: Set the time to 17990]
[17:07:44] [Server thread/INFO] (Minecraft) [@: Set the time to 23990]
[17:07:44] [Render thread/INFO] (Minecraft) [System] [CHAT] [@: Set the time to 23990]
[17:07:45] [Server thread/INFO] (Minecraft) [@: Set the time to 17990]
[17:07:45] [Render thread/INFO] (Minecraft) [System] [CHAT] [@: Set the time to 17990]
[17:07:46] [Server thread/INFO] (Minecraft) [@: Set the time to 23990]
[17:07:46] [Render thread/INFO] (Minecraft) [System] [CHAT] [@: Set the time to 23990]
[17:07:46] [Server thread/INFO] (Minecraft) [Player586: Killed 287 entities]
[17:07:46] [Render thread/INFO] (Minecraft) [System] [CHAT] Killed 287 entities
[17:07:47] [Server thread/INFO] (Minecraft) [@: Set the time to 17990]
[17:07:47] [Render thread/INFO] (Minecraft) [System] [CHAT] [@: Set the time to 17990]
[17:07:48] [Server thread/INFO] (Minecraft) [Player586: Killed 129 entities]
[17:07:48] [Render thread/INFO] (Minecraft) [System] [CHAT] Killed 129 entities
[17:07:49] [Server thread/INFO] (Minecraft) [@: Set the time to 23990]
[17:07:49] [Render thread/INFO] (Minecraft) [System] [CHAT] [@: Set the time to 23990]
[17:07:50] [Server thread/INFO] (Minecraft) [@: Set the time to 17990]
[17:07:50] [Render thread/INFO] (Minecraft) [System] [CHAT] [@: Set the time to 17990]
[17:07:51] [Server thread/INFO] (Minecraft) [@: Set the time to 23990]
[17:07:51] [Render thread/INFO] (Minecraft) [System] [CHAT] [@: Set the time to 23990]
[17:07:52] [Server thread/INFO] (Minecraft) [@: Set the time to 17990]
[17:07:52] [Render thread/INFO] (Minecraft) [System] [CHAT] [@: Set the time to 17990]
[17:07:53] [Server thread/INFO] (Minecraft) [@: Set the time to 23990]
[17:07:53] [Render thread/INFO] (Minecraft) [System] [CHAT] [@: Set the time to 23990]
[17:07:54] [Server thread/INFO] (Minecraft) [@: Set the time to 17990]
[17:07:54] [Render thread/INFO] (Minecraft) [System] [CHAT] [@: Set the time to 17990]
[17:07:55] [Server thread/INFO] (Minecraft) [@: Set the time to 23990]
[17:07:55] [Render thread/INFO] (Minecraft) [System] [CHAT] [@: Set the time to 23990]
[17:07:56] [Server thread/INFO] (Minecraft) [@: Set the time to 17990]
[17:07:56] [Render thread/INFO] (Minecraft) [System] [CHAT] [@: Set the time to 17990]
[17:07:58] [Server thread/INFO] (Minecraft) [@: Set the time to 23990]
[17:07:58] [Render thread/INFO] (Minecraft) [System] [CHAT] [@: Set the time to 23990]
[17:07:59] [Server thread/INFO] (Minecraft) [@: Set the time to 17990]
[17:07:59] [Render thread/INFO] (Minecraft) [System] [CHAT] [@: Set the time to 17990]
[17:08:00] [Server thread/INFO] (Minecraft) [@: Set the time to 23990]
[17:08:00] [Render thread/INFO] (Minecraft) [System] [CHAT] [@: Set the time to 23990]
[17:08:01] [Server thread/INFO] (Minecraft) [@: Set the time to 17990]
[17:08:01] [Render thread/INFO] (Minecraft) [System] [CHAT] [@: Set the time to 17990]
[17:08:02] [Server thread/INFO] (Minecraft) [@: Set the time to 23990]
[17:08:02] [Render thread/INFO] (Minecraft) [System] [CHAT] [@: Set the time to 23990]
[17:08:03] [Server thread/INFO] (Minecraft) [@: Set the time to 17990]
[17:08:03] [Render thread/INFO] (Minecraft) [System] [CHAT] [@: Set the time to 17990]
[17:08:05] [Server thread/INFO] (Minecraft) [@: Set the time to 23990]
[17:08:05] [Render thread/INFO] (Minecraft) [System] [CHAT] [@: Set the time to 23990]
[17:08:06] [Server thread/INFO] (Minecraft) [@: Set the time to 17990]
[17:08:06] [Render thread/INFO] (Minecraft) [System] [CHAT] [@: Set the time to 17990]
[17:08:07] [Server thread/INFO] (Minecraft) [@: Set the time to 23990]
[17:08:07] [Render thread/INFO] (Minecraft) [System] [CHAT] [@: Set the time to 23990]
[17:08:08] [Server thread/INFO] (Minecraft) [@: Set the time to 17990]
[17:08:08] [Render thread/INFO] (Minecraft) [System] [CHAT] [@: Set the time to 17990]
[17:08:09] [Server thread/INFO] (Minecraft) [@: Set the time to 23990]
[17:08:09] [Render thread/INFO] (Minecraft) [System] [CHAT] [@: Set the time to 23990]
[17:08:10] [Server thread/INFO] (Minecraft) [@: Set the time to 17990]
[17:08:10] [Render thread/INFO] (Minecraft) [System] [CHAT] [@: Set the time to 17990]
[17:08:12] [Server thread/INFO] (Minecraft) [@: Set the time to 23990]
[17:08:12] [Render thread/INFO] (Minecraft) [System] [CHAT] [@: Set the time to 23990]
[17:08:13] [Server thread/INFO] (Minecraft) [@: Set the time to 17990]
[17:08:13] [Render thread/INFO] (Minecraft) [System] [CHAT] [@: Set the time to 17990]
[17:08:14] [Server thread/INFO] (Minecraft) [@: Set the time to 23990]
[17:08:14] [Render thread/INFO] (Minecraft) [System] [CHAT] [@: Set the time to 23990]
[17:08:15] [Server thread/INFO] (Minecraft) [@: Set the time to 17990]
[17:08:15] [Render thread/INFO] (Minecraft) [System] [CHAT] [@: Set the time to 17990]
[17:08:15] [Server thread/INFO] (siege-stopper-fabric) [SiegeStopper] An active village siege was successfully prevented!
[17:08:16] [Server thread/INFO] (Minecraft) [@: Set the time to 23990]
[17:08:16] [Render thread/INFO] (Minecraft) [System] [CHAT] [@: Set the time to 23990]
[17:08:17] [Server thread/INFO] (Minecraft) [@: Set the time to 17990]
[17:08:17] [Render thread/INFO] (Minecraft) [System] [CHAT] [@: Set the time to 17990]
[17:08:18] [Server thread/INFO] (Minecraft) [@: Set the time to 23990]
[17:08:18] [Render thread/INFO] (Minecraft) [System] [CHAT] [@: Set the time to 23990]
[17:08:19] [Server thread/INFO] (Minecraft) [@: Set the time to 17990]
[17:08:19] [Render thread/INFO] (Minecraft) [System] [CHAT] [@: Set the time to 17990]
[17:08:20] [Server thread/INFO] (siege-stopper-fabric) [SiegeStopper] An active village siege was successfully prevented!
[17:08:21] [Server thread/INFO] (Minecraft) [@: Set the time to 23990]
[17:08:21] [Render thread/INFO] (Minecraft) [System] [CHAT] [@: Set the time to 23990]
[17:08:22] [Server thread/INFO] (Minecraft) [@: Set the time to 17990]
[17:08:22] [Render thread/INFO] (Minecraft) [System] [CHAT] [@: Set the time to 17990]
[17:08:23] [Server thread/INFO] (Minecraft) [@: Set the time to 23990]
[17:08:23] [Render thread/INFO] (Minecraft) [System] [CHAT] [@: Set the time to 23990]
[17:08:24] [Server thread/INFO] (Minecraft) [@: Set the time to 17990]
[17:08:24] [Render thread/INFO] (Minecraft) [System] [CHAT] [@: Set the time to 17990]
[17:08:25] [Server thread/INFO] (Minecraft) [@: Set the time to 23990]
[17:08:25] [Render thread/INFO] (Minecraft) [System] [CHAT] [@: Set the time to 23990]
[17:08:26] [Server thread/INFO] (Minecraft) [@: Set the time to 17990]
[17:08:26] [Render thread/INFO] (Minecraft) [System] [CHAT] [@: Set the time to 17990]
[17:08:28] [Server thread/INFO] (Minecraft) [@: Set the time to 23990]
[17:08:28] [Render thread/INFO] (Minecraft) [System] [CHAT] [@: Set the time to 23990]
[17:08:29] [Server thread/INFO] (Minecraft) [@: Set the time to 17990]
[17:08:29] [Render thread/INFO] (Minecraft) [System] [CHAT] [@: Set the time to 17990]
[17:08:30] [Server thread/INFO] (Minecraft) [@: Set the time to 23990]
[17:08:30] [Render thread/INFO] (Minecraft) [System] [CHAT] [@: Set the time to 23990]
[17:08:31] [Server thread/INFO] (Minecraft) [@: Set the time to 17990]
[17:08:31] [Render thread/INFO] (Minecraft) [System] [CHAT] [@: Set the time to 17990]
[17:08:32] [Server thread/INFO] (Minecraft) [@: Set the time to 23990]
[17:08:32] [Render thread/INFO] (Minecraft) [System] [CHAT] [@: Set the time to 23990]
[17:08:33] [Server thread/INFO] (Minecraft) [@: Set the time to 17990]
[17:08:33] [Render thread/INFO] (Minecraft) [System] [CHAT] [@: Set the time to 17990]
[17:08:35] [Server thread/INFO] (Minecraft) [@: Set the time to 23990]
[17:08:35] [Render thread/INFO] (Minecraft) [System] [CHAT] [@: Set the time to 23990]
[17:08:35] [Server thread/INFO] (Minecraft) Saving and pausing game...
[17:08:35] [Server thread/INFO] (Minecraft) Saving chunks for level 'ServerLevel[New World]'/minecraft:overworld
[17:08:35] [Server thread/INFO] (Minecraft) Saving chunks for level 'ServerLevel[New World]'/minecraft:the_nether
[17:08:35] [Server thread/INFO] (Minecraft) Saving chunks for level 'ServerLevel[New World]'/minecraft:the_end
[17:08:36] [Server thread/INFO] (Minecraft) Player586 lost connection: Disconnected
[17:08:36] [Server thread/INFO] (Minecraft) Player586 left the game
[17:08:36] [Server thread/INFO] (Minecraft) Stopping singleplayer server as player logged out
[17:08:36] [Server thread/INFO] (Minecraft) Stopping server
[17:08:36] [Server thread/INFO] (Minecraft) Saving players
[17:08:36] [Server thread/INFO] (Minecraft) Saving worlds
[17:08:36] [Server thread/INFO] (Minecraft) Saving chunks for level 'ServerLevel[New World]'/minecraft:overworld
[17:08:36] [Server thread/INFO] (Minecraft) Saving chunks for level 'ServerLevel[New World]'/minecraft:the_nether
[17:08:36] [Server thread/INFO] (Minecraft) Saving chunks for level 'ServerLevel[New World]'/minecraft:the_end
[17:08:36] [Server thread/INFO] (Minecraft) ThreadedAnvilChunkStorage (New World): All chunks are saved
[17:08:36] [Server thread/INFO] (Minecraft) ThreadedAnvilChunkStorage (DIM-1): All chunks are saved
[17:08:36] [Server thread/INFO] (Minecraft) ThreadedAnvilChunkStorage (DIM1): All chunks are saved
[17:08:36] [Server thread/INFO] (Minecraft) ThreadedAnvilChunkStorage: All dimensions are saved
[17:08:37] [Render thread/INFO] (Minecraft) Stopping!
